Flow report for NIOS_PWM_Updated_Top
Tue Nov 14 14:34:22 2017
Quartus Prime Version 16.0.0 Build 211 04/27/2016 SJ Standard Edition


---------------------
; Table of Contents ;
---------------------
  1. Legal Notice
  2. Flow Summary
  3. Flow Settings
  4. Flow Non-Default Global Settings
  5. Flow Elapsed Time
  6. Flow OS Summary
  7. Flow Log
  8. Flow Messages
  9. Flow Suppressed Messages



----------------
; Legal Notice ;
----------------
Copyright (C) 1991-2016 Altera Corporation. All rights reserved.
Your use of Altera Corporation's design tools, logic functions 
and other software and tools, and its AMPP partner logic 
functions, and any output files from any of the foregoing 
(including device programming or simulation files), and any 
associated documentation or information are expressly subject 
to the terms and conditions of the Altera Program License 
Subscription Agreement, the Altera Quartus Prime License Agreement,
the Altera MegaCore Function License Agreement, or other 
applicable license agreement, including, without limitation, 
that your use is for the sole purpose of programming logic 
devices manufactured by Altera and sold by Altera or its 
authorized distributors.  Please refer to the applicable 
agreement for further details.



+--------------------------------------------------------------------------------------+
; Flow Summary                                                                         ;
+------------------------------------+-------------------------------------------------+
; Flow Status                        ; Successful - Tue Nov 14 14:34:22 2017           ;
; Quartus Prime Version              ; 16.0.0 Build 211 04/27/2016 SJ Standard Edition ;
; Revision Name                      ; NIOS_PWM_Updated_Top                            ;
; Top-level Entity Name              ; PWM_test                                        ;
; Family                             ; Cyclone IV E                                    ;
; Device                             ; EP4CE115F29C7                                   ;
; Timing Models                      ; Final                                           ;
; Total logic elements               ; 76 / 114,480 ( < 1 % )                          ;
;     Total combinational functions  ; 74 / 114,480 ( < 1 % )                          ;
;     Dedicated logic registers      ; 52 / 114,480 ( < 1 % )                          ;
; Total registers                    ; 52                                              ;
; Total pins                         ; 66 / 529 ( 12 % )                               ;
; Total virtual pins                 ; 0                                               ;
; Total memory bits                  ; 0 / 3,981,312 ( 0 % )                           ;
; Embedded Multiplier 9-bit elements ; 0 / 532 ( 0 % )                                 ;
; Total PLLs                         ; 0 / 4 ( 0 % )                                   ;
+------------------------------------+-------------------------------------------------+


+------------------------------------------+
; Flow Settings                            ;
+-------------------+----------------------+
; Option            ; Setting              ;
+-------------------+----------------------+
; Start date & time ; 11/14/2017 14:33:42  ;
; Main task         ; Compilation          ;
; Revision Name     ; NIOS_PWM_Updated_Top ;
+-------------------+----------------------+


+----------------------------------------------------------------------------------------------------------------------------+
; Flow Non-Default Global Settings                                                                                           ;
+-------------------------------------+--------------------------------+----------------------+-------------+----------------+
; Assignment Name                     ; Value                          ; Default Value        ; Entity Name ; Section Id     ;
+-------------------------------------+--------------------------------+----------------------+-------------+----------------+
; COMPILER_SIGNATURE_ID               ; 75006880587255.151068802204144 ; --                   ; --          ; --             ;
; EDA_OUTPUT_DATA_FORMAT              ; Verilog Hdl                    ; --                   ; --          ; eda_simulation ;
; EDA_SIMULATION_TOOL                 ; ModelSim-Altera (Verilog)      ; <None>               ; --          ; --             ;
; EDA_TIME_SCALE                      ; 1 ps                           ; --                   ; --          ; eda_simulation ;
; MAX_CORE_JUNCTION_TEMP              ; 85                             ; --                   ; --          ; --             ;
; MIN_CORE_JUNCTION_TEMP              ; 0                              ; --                   ; --          ; --             ;
; NOMINAL_CORE_SUPPLY_VOLTAGE         ; 1.2V                           ; --                   ; --          ; --             ;
; PARTITION_COLOR                     ; 16764057                       ; --                   ; PWM_test    ; Top            ;
; PARTITION_FITTER_PRESERVATION_LEVEL ; PLACEMENT_AND_ROUTING          ; --                   ; PWM_test    ; Top            ;
; PARTITION_NETLIST_TYPE              ; SOURCE                         ; --                   ; PWM_test    ; Top            ;
; PROJECT_OUTPUT_DIRECTORY            ; output_files                   ; --                   ; --          ; --             ;
; TOP_LEVEL_ENTITY                    ; PWM_test                       ; NIOS_PWM_Updated_Top ; --          ; --             ;
+-------------------------------------+--------------------------------+----------------------+-------------+----------------+


+-------------------------------------------------------------------------------------------------------------------------------+
; Flow Elapsed Time                                                                                                             ;
+---------------------------+--------------+-------------------------+---------------------+------------------------------------+
; Module Name               ; Elapsed Time ; Average Processors Used ; Peak Virtual Memory ; Total CPU Time (on all processors) ;
+---------------------------+--------------+-------------------------+---------------------+------------------------------------+
; Analysis & Synthesis      ; 00:00:14     ; 1.0                     ; 849 MB              ; 00:00:25                           ;
; Fitter                    ; 00:00:15     ; 1.0                     ; 1802 MB             ; 00:00:22                           ;
; Assembler                 ; 00:00:04     ; 1.0                     ; 755 MB              ; 00:00:03                           ;
; TimeQuest Timing Analyzer ; 00:00:02     ; 1.0                     ; 923 MB              ; 00:00:02                           ;
; EDA Netlist Writer        ; 00:00:01     ; 1.0                     ; 725 MB              ; 00:00:01                           ;
; Total                     ; 00:00:36     ; --                      ; --                  ; 00:00:53                           ;
+---------------------------+--------------+-------------------------+---------------------+------------------------------------+


+----------------------------------------------------------------------------------------+
; Flow OS Summary                                                                        ;
+---------------------------+------------------+-----------+------------+----------------+
; Module Name               ; Machine Hostname ; OS Name   ; OS Version ; Processor type ;
+---------------------------+------------------+-----------+------------+----------------+
; Analysis & Synthesis      ; LEO-216-11       ; Windows 8 ; 6.2        ; x86_64         ;
; Fitter                    ; LEO-216-11       ; Windows 8 ; 6.2        ; x86_64         ;
; Assembler                 ; LEO-216-11       ; Windows 8 ; 6.2        ; x86_64         ;
; TimeQuest Timing Analyzer ; LEO-216-11       ; Windows 8 ; 6.2        ; x86_64         ;
; EDA Netlist Writer        ; LEO-216-11       ; Windows 8 ; 6.2        ; x86_64         ;
+---------------------------+------------------+-----------+------------+----------------+


------------
; Flow Log ;
------------
quartus_map --read_settings_files=on --write_settings_files=off NIOS_PWM_Updated -c NIOS_PWM_Updated_Top
quartus_fit --read_settings_files=off --write_settings_files=off NIOS_PWM_Updated -c NIOS_PWM_Updated_Top
quartus_asm --read_settings_files=off --write_settings_files=off NIOS_PWM_Updated -c NIOS_PWM_Updated_Top
quartus_sta NIOS_PWM_Updated -c NIOS_PWM_Updated_Top
quartus_eda --read_settings_files=off --write_settings_files=off NIOS_PWM_Updated -c NIOS_PWM_Updated_Top



